<?xml version="1.0" encoding="utf-8"?><testsuites name="pytest tests"><testsuite name="pytest" errors="0" failures="0" skipped="0" tests="30" time="42.099" timestamp="2026-03-21T02:22:02.974230+00:00" hostname="agent-env-93074103-1c9e-452a-aced-e4433ad321e6"><testcase classname="backend.tests.test_lexisense_api.TestHealthCheck" name="test_health_endpoint" time="0.173" /><testcase classname="backend.tests.test_lexisense_api.TestAuthentication" name="test_login_success" time="0.430" /><testcase classname="backend.tests.test_lexisense_api.TestAuthentication" name="test_login_invalid_credentials" time="0.104" /><testcase classname="backend.tests.test_lexisense_api.TestAuthentication" name="test_get_current_user" time="0.459" /><testcase classname="backend.tests.test_lexisense_api.TestAuthentication" name="test_register_duplicate_email" time="0.129" /><testcase classname="backend.tests.test_lexisense_api.TestDashboard" name="test_get_dashboard_stats" time="0.444" /><testcase classname="backend.tests.test_lexisense_api.TestDashboard" name="test_get_dashboard_activity" time="0.445" /><testcase classname="backend.tests.test_lexisense_api.TestContracts" name="test_list_contracts" time="0.458" /><testcase classname="backend.tests.test_lexisense_api.TestContracts" name="test_list_contracts_with_filters" time="0.618" /><testcase classname="backend.tests.test_lexisense_api.TestContracts" name="test_upload_contract" time="9.376" /><testcase classname="backend.tests.test_lexisense_api.TestContracts" name="test_get_contract_detail" time="0.594" /><testcase classname="backend.tests.test_lexisense_api.TestContracts" name="test_contract_chat" time="2.113" /><testcase classname="backend.tests.test_lexisense_api.TestContracts" name="test_contract_versions" time="0.585" /><testcase classname="backend.tests.test_lexisense_api.TestBulkUpload" name="test_bulk_upload_contracts" time="17.918" /><testcase classname="backend.tests.test_lexisense_api.TestTeam" name="test_list_team_members" time="0.486" /><testcase classname="backend.tests.test_lexisense_api.TestTeam" name="test_list_invitations" time="0.424" /><testcase classname="backend.tests.test_lexisense_api.TestTeam" name="test_invite_member" time="0.747" /><testcase classname="backend.tests.test_lexisense_api.TestAlerts" name="test_get_alert_settings" time="0.434" /><testcase classname="backend.tests.test_lexisense_api.TestAlerts" name="test_update_alert_settings" time="0.467" /><testcase classname="backend.tests.test_lexisense_api.TestAlerts" name="test_get_expiring_contracts" time="0.424" /><testcase classname="backend.tests.test_lexisense_api.TestAlerts" name="test_get_alert_history" time="0.445" /><testcase classname="backend.tests.test_lexisense_api.TestTemplates" name="test_list_templates" time="0.449" /><testcase classname="backend.tests.test_lexisense_api.TestTemplates" name="test_get_default_templates" time="0.440" /><testcase classname="backend.tests.test_lexisense_api.TestTemplates" name="test_create_template" time="0.440" /><testcase classname="backend.tests.test_lexisense_api.TestAnalytics" name="test_get_analytics_overview" time="0.486" /><testcase classname="backend.tests.test_lexisense_api.TestAnalytics" name="test_compare_contracts" time="0.549" /><testcase classname="backend.tests.test_lexisense_api.TestExport" name="test_export_contract_pdf" time="0.570" /><testcase classname="backend.tests.test_lexisense_api.TestExport" name="test_export_analytics_pdf" time="0.460" /><testcase classname="backend.tests.test_lexisense_api.TestContractDelete" name="test_delete_test_contracts" time="0.782" /><testcase classname="backend.tests.test_lexisense_api.TestTemplateDelete" name="test_delete_test_templates" time="0.557" /></testsuite></testsuites>