<?xml version="1.0" encoding="utf-8"?><testsuites name="pytest tests"><testsuite name="pytest" errors="0" failures="0" skipped="0" tests="17" time="50.847" timestamp="2026-03-21T03:22:53.669451+00:00" hostname="agent-env-93074103-1c9e-452a-aced-e4433ad321e6"><testcase classname="backend.tests.test_workflow_audit_notifications.TestWorkflowStates" name="test_get_workflow_states" time="0.680" /><testcase classname="backend.tests.test_workflow_audit_notifications.TestWorkflowTransitions" name="test_new_contract_starts_as_draft" time="7.310" /><testcase classname="backend.tests.test_workflow_audit_notifications.TestWorkflowTransitions" name="test_submit_for_review_transition" time="0.325" /><testcase classname="backend.tests.test_workflow_audit_notifications.TestWorkflowTransitions" name="test_approve_transition" time="0.264" /><testcase classname="backend.tests.test_workflow_audit_notifications.TestWorkflowTransitions" name="test_activate_transition" time="0.264" /><testcase classname="backend.tests.test_workflow_audit_notifications.TestWorkflowTransitions" name="test_get_workflow_history" time="0.140" /><testcase classname="backend.tests.test_workflow_audit_notifications.TestWorkflowReject" name="test_reject_transition" time="6.984" /><testcase classname="backend.tests.test_workflow_audit_notifications.TestWorkflowInvalidTransitions" name="test_invalid_transition_draft_to_approved" time="7.754" /><testcase classname="backend.tests.test_workflow_audit_notifications.TestAuditLogs" name="test_get_audit_logs" time="0.127" /><testcase classname="backend.tests.test_workflow_audit_notifications.TestAuditLogs" name="test_audit_logs_filter_by_resource_type" time="0.123" /><testcase classname="backend.tests.test_workflow_audit_notifications.TestAuditLogs" name="test_contract_upload_creates_audit_log" time="10.523" /><testcase classname="backend.tests.test_workflow_audit_notifications.TestAuditLogs" name="test_workflow_action_creates_audit_log" time="8.103" /><testcase classname="backend.tests.test_workflow_audit_notifications.TestNotifications" name="test_get_notifications" time="0.124" /><testcase classname="backend.tests.test_workflow_audit_notifications.TestNotifications" name="test_get_unread_count" time="0.131" /><testcase classname="backend.tests.test_workflow_audit_notifications.TestNotifications" name="test_mark_all_read" time="0.275" /><testcase classname="backend.tests.test_workflow_audit_notifications.TestRBAC" name="test_admin_can_access_audit_logs" time="0.141" /><testcase classname="backend.tests.test_workflow_audit_notifications.TestRBAC" name="test_admin_can_perform_workflow_actions" time="7.470" /></testsuite></testsuites>